2025-03-01 16:48:42,081 - Model_Building - DEBUG - Data loaded
2025-03-01 17:49:49,704 - Model_Building - DEBUG - Data loaded
2025-03-01 17:53:02,870 - Model_Building - DEBUG - Data loading...
2025-03-01 17:53:02,871 - Model_Building - DEBUG - LOad data successfully 
2025-03-01 18:09:07,731 - Model_Building - DEBUG - Data loading...
2025-03-01 18:09:07,731 - Model_Building - DEBUG - Load data successfully 
2025-03-01 18:09:42,934 - Model_Building - DEBUG - Data loading...
2025-03-01 18:09:42,934 - Model_Building - DEBUG - Load data successfully 
2025-03-01 18:10:34,788 - Model_Building - DEBUG - Data loading...
2025-03-01 18:10:34,795 - Model_Building - DEBUG - Load data successfully 
2025-03-01 18:12:18,715 - Model_Building - DEBUG - Data loading...
2025-03-01 18:12:18,715 - Model_Building - DEBUG - Load data successfully 
2025-03-02 23:01:48,206 - Model_Building - DEBUG - Data loading...
2025-03-02 23:01:48,206 - Model_Building - DEBUG - Load data successfully 
2025-03-02 23:01:48,206 - Model_Building - ERROR - Error in splitting data: string indices must be integers, not 'str'
2025-03-02 23:01:48,206 - Model_Building - ERROR - Data split failed!
2025-03-02 23:11:42,303 - Model_Building - DEBUG - Data loading...
2025-03-02 23:11:42,303 - Model_Building - DEBUG - Load data successfully 
2025-03-02 23:11:42,303 - Model_Building - ERROR - Unexpected error in main: string indices must be integers, not 'str'
2025-03-03 14:15:19,891 - Model_Building - DEBUG - Data loading...
2025-03-03 14:15:34,514 - Model_Building - DEBUG - Data loaded successfully
2025-03-03 14:15:34,514 - Model_Building - DEBUG - Splitting data into train and test sets...
2025-03-03 14:15:35,541 - Model_Building - DEBUG - Data split successfully
2025-03-03 14:15:35,591 - Model_Building - DEBUG - Training the model...
2025-03-03 14:16:42,085 - Model_Building - DEBUG - Model trained successfully
2025-03-03 14:30:45,808 - Model_Building - DEBUG - Data loading...
2025-03-03 14:30:59,610 - Model_Building - DEBUG - Data loaded successfully
2025-03-03 14:30:59,610 - Model_Building - DEBUG - Splitting data into train and test sets...
2025-03-03 14:31:00,685 - Model_Building - DEBUG - Data split successfully
2025-03-03 14:31:00,751 - Model_Building - DEBUG - Training the model...
2025-03-03 14:32:02,684 - Model_Building - DEBUG - Model trained successfully
2025-03-03 14:32:02,745 - Model_Building - DEBUG - Model saved to models/model.pkl
2025-03-03 14:45:13,514 - Model_Building - DEBUG - Data loading...
2025-03-03 14:45:27,341 - Model_Building - DEBUG - Data loaded successfully
2025-03-03 14:45:27,341 - Model_Building - DEBUG - Splitting data into train and test sets...
2025-03-03 14:45:28,334 - Model_Building - DEBUG - Data split successfully
2025-03-03 14:45:28,409 - Model_Building - DEBUG - Training the model...
2025-03-03 14:46:31,296 - Model_Building - DEBUG - Model trained successfully
2025-03-03 14:46:31,370 - Model_Building - DEBUG - Model saved to models/model.pkl
2025-03-03 14:46:31,370 - Model_Building - DEBUG - Saving test data...
2025-03-03 14:46:44,184 - Model_Building - INFO - X_test saved to data/test_data\X_test.csv
2025-03-03 14:46:44,186 - Model_Building - INFO - y_test saved to data/test_data\y_test.csv
2025-03-03 15:00:33,224 - Model_Building - ERROR - Unexpected error in main: [Errno 22] Invalid argument: 'data\test_data\\X_test.csv'
2025-03-03 15:00:46,378 - Model_Building - ERROR - Unexpected error in main: [Errno 22] Invalid argument: 'data\test_data\\X_test.csv'
2025-03-14 02:52:59,555 - Model_Building - DEBUG - Data loading...
2025-03-14 02:53:13,208 - Model_Building - DEBUG - Data loaded successfully
2025-03-14 02:53:13,210 - Model_Building - DEBUG - Splitting data into train and test sets...
2025-03-14 02:53:14,245 - Model_Building - DEBUG - Data split successfully
2025-03-14 02:53:14,323 - Model_Building - DEBUG - Training the model...
2025-03-14 02:54:18,704 - Model_Building - DEBUG - Data loading...
2025-03-14 02:54:24,188 - Model_Building - ERROR - Error while loading data: Error tokenizing data. C error: Calling read(nbytes) on source failed. Try engine='python'.
2025-03-14 02:54:24,188 - Model_Building - ERROR - Unexpected error in main: Error tokenizing data. C error: Calling read(nbytes) on source failed. Try engine='python'.
2025-03-14 14:44:11,096 - Model_Building - DEBUG - Data loading...
2025-03-14 14:44:24,250 - Model_Building - DEBUG - Data loaded successfully
2025-03-14 14:44:24,250 - Model_Building - DEBUG - Splitting data into train and test sets...
2025-03-14 14:44:25,246 - Model_Building - DEBUG - Data split successfully
2025-03-14 14:44:25,310 - Model_Building - DEBUG - Training the model...
2025-03-14 14:45:26,719 - Model_Building - DEBUG - Model trained successfully
2025-03-14 14:45:26,796 - Model_Building - DEBUG - Model saved to models/model.pkl
2025-03-14 14:45:26,799 - Model_Building - DEBUG - Saving test data...
2025-03-14 14:45:37,434 - Model_Building - INFO - X_test saved to data/test_data\X_test.csv
2025-03-14 14:45:37,434 - Model_Building - INFO - y_test saved to data/test_data\y_test.csv
2025-03-16 17:39:07,089 - Model_Building - DEBUG - Data loading...
2025-03-16 17:39:23,288 - Model_Building - DEBUG - Data loaded successfully
2025-03-16 17:39:23,288 - Model_Building - DEBUG - Splitting data into train and test sets...
2025-03-16 17:39:24,251 - Model_Building - DEBUG - Data split successfully
2025-03-16 17:39:24,295 - Model_Building - DEBUG - Training the model...
2025-03-16 17:40:34,836 - Model_Building - DEBUG - Model trained successfully
2025-03-16 17:40:34,919 - Model_Building - DEBUG - Model saved to models/model.pkl
2025-03-16 17:40:34,919 - Model_Building - DEBUG - Saving test data...
2025-03-16 17:40:46,755 - Model_Building - INFO - X_test saved to data/test_data\X_test.csv
2025-03-16 17:40:46,755 - Model_Building - INFO - y_test saved to data/test_data\y_test.csv
2025-03-18 14:58:23,971 - Model_Building - DEBUG - Data loading...
2025-03-18 14:58:37,526 - Model_Building - DEBUG - Data loaded successfully
2025-03-18 14:58:37,526 - Model_Building - DEBUG - Splitting data into train and test sets...
2025-03-18 14:58:38,663 - Model_Building - DEBUG - Data split successfully
2025-03-18 14:58:38,739 - Model_Building - DEBUG - Training the model...
2025-03-18 15:02:27,408 - Model_Building - DEBUG - Model trained successfully
2025-03-18 15:02:27,501 - Model_Building - DEBUG - Model saved to models/model.pkl
2025-03-18 15:02:27,501 - Model_Building - DEBUG - Saving test data...
2025-03-18 15:02:41,050 - Model_Building - INFO - X_test saved to data/test_data\X_test.csv
2025-03-18 15:02:41,050 - Model_Building - INFO - y_test saved to data/test_data\y_test.csv
2025-03-18 15:14:06,300 - Model_Building - DEBUG - Data loading...
2025-03-18 15:14:20,060 - Model_Building - DEBUG - Data loaded successfully
2025-03-18 15:14:20,068 - Model_Building - DEBUG - Splitting data into train and test sets...
2025-03-18 15:14:20,977 - Model_Building - DEBUG - Data split successfully
2025-03-18 15:14:21,023 - Model_Building - DEBUG - Training the model...
2025-03-18 15:16:47,163 - Model_Building - DEBUG - Data loading...
2025-03-18 15:17:00,363 - Model_Building - DEBUG - Data loaded successfully
2025-03-18 15:17:00,363 - Model_Building - DEBUG - Splitting data into train and test sets...
2025-03-18 15:17:01,173 - Model_Building - DEBUG - Data split successfully
2025-03-18 15:17:01,216 - Model_Building - DEBUG - Training the model...
2025-03-18 15:20:57,872 - Model_Building - DEBUG - Model trained successfully
2025-03-18 15:20:57,977 - Model_Building - DEBUG - Model saved to models/model.pkl
2025-03-18 15:20:57,978 - Model_Building - DEBUG - Saving test data...
2025-03-18 15:21:09,010 - Model_Building - INFO - X_test saved to data/test_data\X_test.csv
2025-03-18 15:21:09,010 - Model_Building - INFO - y_test saved to data/test_data\y_test.csv
